2016/04/22 18:11:25 Startup with log file
2016/04/22 18:11:25 Verifying "/root/config/config.json"
2016/04/22 18:11:25 CC Tray http GET failed Get http://localhost:8153/go/cctray.xml: dial tcp [::1]:8153: getsockopt: connection refused
2016/04/22 18:14:09 Startup with log file
2016/04/22 18:14:09 Verifying "/root/config/config.json"
2016/04/22 18:14:09 CC Tray http GET failed Get http://localhost:8153/go/cctray.xml: dial tcp [::1]:8153: getsockopt: connection refused
2016/04/22 18:14:49 Startup with log file
2016/04/22 18:14:49 Verifying "/root/config/config.json"
2016/04/22 18:14:49 CC Tray http GET failed Get http://localhost:8153/go/cctray.xml: dial tcp [::1]:8153: getsockopt: connection refused
2016/04/22 18:16:11 Startup with log file
2016/04/22 18:16:11 Verifying "/root/config/config.json"
2016/04/22 18:16:11 CC Tray http GET failed Get http://localhost:8153/go/cctray.xml: dial tcp [::1]:8153: getsockopt: connection refused
2016/04/22 18:17:20 Startup with log file
2016/04/22 18:17:20 Verifying "/root/config/config.json"
2016/04/22 18:17:20 CC Tray http GET failed Get http://localhost:8153/go/cctray.xml: dial tcp [::1]:8153: getsockopt: connection refused
2016/04/22 18:19:09 Startup with log file
2016/04/22 18:19:09 Verifying "/root/config/config.json"
2016/04/22 18:19:09 CC Tray http GET ok
2016/04/22 18:19:09 Code: 200, "200 OK"
2016/04/22 18:19:09 publishing 471
2016/04/22 18:19:09 Cycle complete
2016/04/22 18:19:19 Verifying "/root/config/config.json"
2016/04/22 18:19:19 checking ...
2016/04/22 18:19:19 CC Tray http GET ok
2016/04/22 18:19:19 Code: 200, "200 OK"
2016/04/22 18:19:19 publishing 471
2016/04/22 18:19:19 Cycle complete
